生成启动时间为 2017/10/26/周四 15:24:54。
     1>项目“C:\Users\Administrator\documents\visual studio 2013\Projects\深度寻路\FindPath\FindPath.vcxproj”在节点 2 上(Build 个目标)。
     1>ClCompile:
         C:\Program Files (x86)\Microsoft Visual Studio 12.0\VC\bin\CL.exe /c /ZI /nologo /W3 /WX- /Od /Oy- /D WIN32 /D _DEBUG /D _CONSOLE /D _LIB /D _UNICODE /D UNICODE /Gm /EHsc /RTC1 /MDd /GS /fp:precise /Zc:wchar_t /Zc:forScope /Yu"stdafx.h" /Fp"Debug\FindPath.pch" /Fo"Debug\\" /Fd"Debug\vc120.pdb" /Gd /TP /analyze- /errorReport:prompt FindPath.cpp
         FindPath.cpp
     1>c:\users\administrator\documents\visual studio 2013\projects\深度寻路\findpath\findpath.cpp(40): error C2065: “pathMap”: 未声明的标识符
     1>c:\users\administrator\documents\visual studio 2013\projects\深度寻路\findpath\findpath.cpp(40): error C2228: “.dir”的左边必须有类/结构/联合
     1>c:\users\administrator\documents\visual studio 2013\projects\深度寻路\findpath\findpath.cpp(43): error C2065: “pathMap”: 未声明的标识符
     1>c:\users\administrator\documents\visual studio 2013\projects\深度寻路\findpath\findpath.cpp(43): error C2228: “.val”的左边必须有类/结构/联合
     1>c:\users\administrator\documents\visual studio 2013\projects\深度寻路\findpath\findpath.cpp(44): error C2065: “pathMap”: 未声明的标识符
     1>c:\users\administrator\documents\visual studio 2013\projects\深度寻路\findpath\findpath.cpp(44): error C2228: “.isFind”的左边必须有类/结构/联合
     1>c:\users\administrator\documents\visual studio 2013\projects\深度寻路\findpath\findpath.cpp(45): error C2065: “pathMap”: 未声明的标识符
     1>c:\users\administrator\documents\visual studio 2013\projects\深度寻路\findpath\findpath.cpp(45): error C2228: “.dir”的左边必须有类/结构/联合
     1>c:\users\administrator\documents\visual studio 2013\projects\深度寻路\findpath\findpath.cpp(46): error C2065: “pathMap”: 未声明的标识符
     1>c:\users\administrator\documents\visual studio 2013\projects\深度寻路\findpath\findpath.cpp(46): error C2228: “.isFind”的左边必须有类/结构/联合
     1>c:\users\administrator\documents\visual studio 2013\projects\深度寻路\findpath\findpath.cpp(51): error C2065: “pathMap”: 未声明的标识符
     1>c:\users\administrator\documents\visual studio 2013\projects\深度寻路\findpath\findpath.cpp(51): error C2228: “.dir”的左边必须有类/结构/联合
     1>c:\users\administrator\documents\visual studio 2013\projects\深度寻路\findpath\findpath.cpp(57): error C2065: “pathMap”: 未声明的标识符
     1>c:\users\administrator\documents\visual studio 2013\projects\深度寻路\findpath\findpath.cpp(57): error C2228: “.val”的左边必须有类/结构/联合
     1>c:\users\administrator\documents\visual studio 2013\projects\深度寻路\findpath\findpath.cpp(58): error C2065: “pathMap”: 未声明的标识符
     1>c:\users\administrator\documents\visual studio 2013\projects\深度寻路\findpath\findpath.cpp(58): error C2228: “.isFind”的左边必须有类/结构/联合
     1>c:\users\administrator\documents\visual studio 2013\projects\深度寻路\findpath\findpath.cpp(59): error C2065: “pathMap”: 未声明的标识符
     1>c:\users\administrator\documents\visual studio 2013\projects\深度寻路\findpath\findpath.cpp(59): error C2228: “.dir”的左边必须有类/结构/联合
     1>c:\users\administrator\documents\visual studio 2013\projects\深度寻路\findpath\findpath.cpp(60): error C2065: “pathMap”: 未声明的标识符
     1>c:\users\administrator\documents\visual studio 2013\projects\深度寻路\findpath\findpath.cpp(60): error C2228: “.isFind”的左边必须有类/结构/联合
     1>c:\users\administrator\documents\visual studio 2013\projects\深度寻路\findpath\findpath.cpp(65): error C2065: “pathMap”: 未声明的标识符
     1>c:\users\administrator\documents\visual studio 2013\projects\深度寻路\findpath\findpath.cpp(65): error C2228: “.dir”的左边必须有类/结构/联合
     1>c:\users\administrator\documents\visual studio 2013\projects\深度寻路\findpath\findpath.cpp(71): error C2065: “pathMap”: 未声明的标识符
     1>c:\users\administrator\documents\visual studio 2013\projects\深度寻路\findpath\findpath.cpp(71): error C2228: “.dir”的左边必须有类/结构/联合
     1>c:\users\administrator\documents\visual studio 2013\projects\深度寻路\findpath\findpath.cpp(73): error C2065: “pathMap”: 未声明的标识符
     1>c:\users\administrator\documents\visual studio 2013\projects\深度寻路\findpath\findpath.cpp(73): error C2228: “.val”的左边必须有类/结构/联合
     1>c:\users\administrator\documents\visual studio 2013\projects\深度寻路\findpath\findpath.cpp(74): error C2065: “pathMap”: 未声明的标识符
     1>c:\users\administrator\documents\visual studio 2013\projects\深度寻路\findpath\findpath.cpp(74): error C2228: “.isFind”的左边必须有类/结构/联合
     1>c:\users\administrator\documents\visual studio 2013\projects\深度寻路\findpath\findpath.cpp(75): error C2065: “pathMap”: 未声明的标识符
     1>c:\users\administrator\documents\visual studio 2013\projects\深度寻路\findpath\findpath.cpp(75): error C2228: “.isFind”的左边必须有类/结构/联合
     1>c:\users\administrator\documents\visual studio 2013\projects\深度寻路\findpath\findpath.cpp(84): error C2065: “pathMap”: 未声明的标识符
     1>c:\users\administrator\documents\visual studio 2013\projects\深度寻路\findpath\findpath.cpp(84): error C2228: “.val”的左边必须有类/结构/联合
     1>c:\users\administrator\documents\visual studio 2013\projects\深度寻路\findpath\findpath.cpp(85): error C2065: “pathMap”: 未声明的标识符
     1>c:\users\administrator\documents\visual studio 2013\projects\深度寻路\findpath\findpath.cpp(85): error C2228: “.isFind”的左边必须有类/结构/联合
     1>c:\users\administrator\documents\visual studio 2013\projects\深度寻路\findpath\findpath.cpp(86): error C2065: “pathMap”: 未声明的标识符
     1>c:\users\administrator\documents\visual studio 2013\projects\深度寻路\findpath\findpath.cpp(86): error C2228: “.isFind”的左边必须有类/结构/联合
     1>c:\users\administrator\documents\visual studio 2013\projects\深度寻路\findpath\findpath.cpp(100): error C2065: “endPos”: 未声明的标识符
     1>c:\users\administrator\documents\visual studio 2013\projects\深度寻路\findpath\findpath.cpp(100): error C2228: “.row”的左边必须有类/结构/联合
                 类型是“unknown-type”
     1>c:\users\administrator\documents\visual studio 2013\projects\深度寻路\findpath\findpath.cpp(100): error C2228: “.col”的左边必须有类/结构/联合
                 类型是“unknown-type”
     1>已完成生成项目“C:\Users\Administrator\documents\visual studio 2013\Projects\深度寻路\FindPath\FindPath.vcxproj”(Build 个目标)的操作 - 失败。

生成失败。

已用时间 00:00:00.13
